0 info it worked if it ends with ok
1 verbose cli [ '/usr/local/bin/node', '/usr/local/bin/npm', 'start' ]
2 info using npm@3.10.10
3 info using node@v6.9.5
4 verbose run-script [ 'prestart', 'start', 'poststart' ]
5 info lifecycle DallasTutors@~prestart: DallasTutors@
6 silly lifecycle DallasTutors@~prestart: no script for prestart, continuing
7 info lifecycle DallasTutors@~start: DallasTutors@
8 verbose lifecycle DallasTutors@~start: unsafe-perm in lifecycle true
9 verbose lifecycle DallasTutors@~start: PATH: /usr/local/lib/node_modules/npm/bin/node-gyp-bin:/Users/YeemDiallo/Desktop/DatabaseConcepts/DallasTut 2/node_modules/.bin:/opt/local/bin:/opt/local/sbin:/Library/Frameworks/Python.framework/Versions/Current/bin:/Library/Python/2.7/site-packages/:/Users/YeemDiallo/.composer/vendor/bin:/Library/Frameworks/Python.framework/Versions/3.5/bin:/usr/local/bin:/usr/bin:/bin:/usr/sbin:/sbin:/opt/X11/bin:/Library/TeX/texbin:/opt/local/bin:/opt/local/sbin:/Library/Frameworks/Python.framework/Versions/Current/bin:/Library/Python/2.7/site-packages/:/Users/YeemDiallo/.composer/vendor/bin:/Library/Frameworks/Python.framework/Versions/3.5/bin:/Users/YeemDiallo/.rvm/bin:/Users/YeemDiallo/.rvm/bin
10 verbose lifecycle DallasTutors@~start: CWD: /Users/YeemDiallo/Desktop/DatabaseConcepts/DallasTut 2
11 silly lifecycle DallasTutors@~start: Args: [ '-c', 'tsc && concurrently "tsc -w" "lite-server" ' ]
12 silly lifecycle DallasTutors@~start: Returned: code: 2  signal: null
13 info lifecycle DallasTutors@~start: Failed to exec start script
14 verbose stack Error: DallasTutors@ start: `tsc && concurrently "tsc -w" "lite-server" `
14 verbose stack Exit status 2
14 verbose stack     at EventEmitter.<anonymous> (/usr/local/lib/node_modules/npm/lib/utils/lifecycle.js:255:16)
14 verbose stack     at emitTwo (events.js:106:13)
14 verbose stack     at EventEmitter.emit (events.js:191:7)
14 verbose stack     at ChildProcess.<anonymous> (/usr/local/lib/node_modules/npm/lib/utils/spawn.js:40:14)
14 verbose stack     at emitTwo (events.js:106:13)
14 verbose stack     at ChildProcess.emit (events.js:191:7)
14 verbose stack     at maybeClose (internal/child_process.js:877:16)
14 verbose stack     at Process.ChildProcess._handle.onexit (internal/child_process.js:226:5)
15 verbose pkgid DallasTutors@
16 verbose cwd /Users/YeemDiallo/Desktop/DatabaseConcepts/DallasTut 2
17 error Darwin 16.0.0
18 error argv "/usr/local/bin/node" "/usr/local/bin/npm" "start"
19 error node v6.9.5
20 error npm  v3.10.10
21 error code ELIFECYCLE
22 error DallasTutors@ start: `tsc && concurrently "tsc -w" "lite-server" `
22 error Exit status 2
23 error Failed at the DallasTutors@ start script 'tsc && concurrently "tsc -w" "lite-server" '.
23 error Make sure you have the latest version of node.js and npm installed.
23 error If you do, this is most likely a problem with the DallasTutors package,
23 error not with npm itself.
23 error Tell the author that this fails on your system:
23 error     tsc && concurrently "tsc -w" "lite-server"
23 error You can get information on how to open an issue for this project with:
23 error     npm bugs DallasTutors
23 error Or if that isn't available, you can get their info via:
23 error     npm owner ls DallasTutors
23 error There is likely additional logging output above.
24 verbose exit [ 1, true ]
